

*******************************************************************************
Sat Feb 22 14:04:24 2025


FIT:    data read from "qs-vs-hs.Msteps" using 1:2
        format = x:z
        #datapoints = 6
        residuals are weighted equally (unit weight)

function used for fitting: quickSortFit(x)
	quickSortFit(x) = (a*x*log(x) + b)
fitted parameters initialized with current variable values

iter      chisq       delta/lim  lambda   a             b            
   0 2.7270759643e+14   0.00e+00  4.77e+06    1.000000e+00   1.000000e+00
  10 2.0018356699e-01  -2.10e-03  4.77e-04    1.535196e-06   9.310094e-02

After 10 iterations the fit converged.
final sum of squares of residuals : 0.200184
rel. change during last iteration : -2.10045e-08

degrees of freedom    (FIT_NDF)                        : 4
rms of residuals      (FIT_STDFIT) = sqrt(WSSR/ndf)    : 0.223709
variance of residuals (reduced chisquare) = WSSR/ndf   : 0.0500459

Final set of parameters            Asymptotic Standard Error
=======================            ==========================
a               = 1.5352e-06       +/- 1.837e-08    (1.197%)
b               = 0.0931009        +/- 0.1239       (133%)

correlation matrix of the fit parameters:
                a      b      
a               1.000 
b              -0.675  1.000 


*******************************************************************************
Sat Feb 22 14:04:24 2025


FIT:    data read from "qs-vs-hs.Msteps" using 1:3
        format = x:z
        #datapoints = 6
        residuals are weighted equally (unit weight)

function used for fitting: heapSortFit(x)
	heapSortFit(x) = (c*x*log(x) + d)
fitted parameters initialized with current variable values

iter      chisq       delta/lim  lambda   c             d            
   0 2.7270766768e+14   0.00e+00  4.77e+06    1.000000e+00   1.000000e+00
  11 7.0698524419e-05  -8.49e-09  4.77e-05    1.414618e-06  -7.287086e-03

After 11 iterations the fit converged.
final sum of squares of residuals : 7.06985e-05
rel. change during last iteration : -8.49207e-14

degrees of freedom    (FIT_NDF)                        : 4
rms of residuals      (FIT_STDFIT) = sqrt(WSSR/ndf)    : 0.00420412
variance of residuals (reduced chisquare) = WSSR/ndf   : 1.76746e-05

Final set of parameters            Asymptotic Standard Error
=======================            ==========================
c               = 1.41462e-06      +/- 3.453e-10    (0.02441%)
d               = -0.00728709      +/- 0.002328     (31.94%)

correlation matrix of the fit parameters:
                c      d      
c               1.000 
d              -0.675  1.000 


*******************************************************************************
Sat Feb 22 14:04:24 2025


FIT:    data read from "qs-vs-hs.Msteps" using 1:4
        format = x:z
        #datapoints = 6
        residuals are weighted equally (unit weight)

function used for fitting: quickSortFit(x)
	quickSortFit(x) = (a*x*log(x) + b)
fitted parameters initialized with current variable values

iter      chisq       delta/lim  lambda   a             b            
   0 1.2273825210e+01   0.00e+00  7.32e+00    1.535196e-06   9.310094e-02
   5 1.0279730931e-03  -3.86e-01  7.32e-05    1.335700e-06  -2.890104e-02

After 5 iterations the fit converged.
final sum of squares of residuals : 0.00102797
rel. change during last iteration : -3.85572e-06

degrees of freedom    (FIT_NDF)                        : 4
rms of residuals      (FIT_STDFIT) = sqrt(WSSR/ndf)    : 0.016031
variance of residuals (reduced chisquare) = WSSR/ndf   : 0.000256993

Final set of parameters            Asymptotic Standard Error
=======================            ==========================
a               = 1.3357e-06       +/- 1.317e-09    (0.09856%)
b               = -0.028901        +/- 0.008876     (30.71%)

correlation matrix of the fit parameters:
                a      b      
a               1.000 
b              -0.675  1.000 


*******************************************************************************
Sat Feb 22 14:04:24 2025


FIT:    data read from "qs-vs-hs.Msteps" using 1:5
        format = x:z
        #datapoints = 6
        residuals are weighted equally (unit weight)

function used for fitting: heapSortFit(x)
	heapSortFit(x) = (c*x*log(x) + d)
fitted parameters initialized with current variable values

iter      chisq       delta/lim  lambda   c             d            
   0 7.4468214083e-01   0.00e+00  6.74e+00    1.414618e-06  -7.287086e-03
   6 5.8994474820e-04  -6.83e-03  6.74e-06    1.466176e-06  -5.820599e-04

After 6 iterations the fit converged.
final sum of squares of residuals : 0.000589945
rel. change during last iteration : -6.83258e-08

degrees of freedom    (FIT_NDF)                        : 4
rms of residuals      (FIT_STDFIT) = sqrt(WSSR/ndf)    : 0.0121444
variance of residuals (reduced chisquare) = WSSR/ndf   : 0.000147486

Final set of parameters            Asymptotic Standard Error
=======================            ==========================
c               = 1.46618e-06      +/- 9.973e-10    (0.06802%)
d               = -0.00058206      +/- 0.006724     (1155%)

correlation matrix of the fit parameters:
                c      d      
c               1.000 
d              -0.675  1.000 


*******************************************************************************
Sat Feb 22 14:04:24 2025


FIT:    data read from "qs-vs-hs.Msteps" using 1:6
        format = x:z
        #datapoints = 6
        residuals are weighted equally (unit weight)

function used for fitting: quickSortFit(x)
	quickSortFit(x) = (a*x*log(x) + b)
fitted parameters initialized with current variable values

iter      chisq       delta/lim  lambda   a             b            
   0 3.6775499783e-01   0.00e+00  6.37e+00    1.335700e-06  -2.890104e-02
   6 1.8615877651e-03  -3.03e-08  6.37e-06    1.300024e-06  -3.826278e-02

After 6 iterations the fit converged.
final sum of squares of residuals : 0.00186159
rel. change during last iteration : -3.03085e-13

degrees of freedom    (FIT_NDF)                        : 4
rms of residuals      (FIT_STDFIT) = sqrt(WSSR/ndf)    : 0.0215731
variance of residuals (reduced chisquare) = WSSR/ndf   : 0.000465397

Final set of parameters            Asymptotic Standard Error
=======================            ==========================
a               = 1.30002e-06      +/- 1.772e-09    (0.1363%)
b               = -0.0382628       +/- 0.01194      (31.22%)

correlation matrix of the fit parameters:
                a      b      
a               1.000 
b              -0.675  1.000 


*******************************************************************************
Sat Feb 22 14:04:24 2025


FIT:    data read from "qs-vs-hs.Msteps" using 1:7
        format = x:z
        #datapoints = 6
        residuals are weighted equally (unit weight)

function used for fitting: heapSortFit(x)
	heapSortFit(x) = (c*x*log(x) + d)
fitted parameters initialized with current variable values

iter      chisq       delta/lim  lambda   c             d            
   0 2.9723542799e+00   0.00e+00  6.99e+00    1.466176e-06  -5.820599e-04
   7 9.9104861757e-04  -3.51e-01  6.99e-07    1.364311e-06  -2.535868e-02

After 7 iterations the fit converged.
final sum of squares of residuals : 0.000991049
rel. change during last iteration : -3.51425e-06

degrees of freedom    (FIT_NDF)                        : 4
rms of residuals      (FIT_STDFIT) = sqrt(WSSR/ndf)    : 0.0157405
variance of residuals (reduced chisquare) = WSSR/ndf   : 0.000247762

Final set of parameters            Asymptotic Standard Error
=======================            ==========================
c               = 1.36431e-06      +/- 1.293e-09    (0.09475%)
d               = -0.0253587       +/- 0.008715     (34.37%)

correlation matrix of the fit parameters:
                c      d      
c               1.000 
d              -0.675  1.000 
