

*******************************************************************************
Tue Feb 11 16:17:24 2025


FIT:    data read from "bubbleSort.CPUtimes" using 1:2
        format = x:z
        #datapoints = 7
        residuals are weighted equally (unit weight)

function used for fitting: y(x)
	y(x)=a*x*x + b*x + c
fitted parameters initialized with current variable values

iter      chisq       delta/lim  lambda   a             b             c            
   0 1.9677066297e+19   0.00e+00  9.68e+08    1.000000e+00   1.000000e+00   1.000000e+00
  12 1.0417041399e+03  -1.50e-01  9.68e-04    2.788931e-06  -9.362095e-03   2.611023e+01

After 12 iterations the fit converged.
final sum of squares of residuals : 1041.7
rel. change during last iteration : -1.49812e-06

degrees of freedom    (FIT_NDF)                        : 4
rms of residuals      (FIT_STDFIT) = sqrt(WSSR/ndf)    : 16.1377
variance of residuals (reduced chisquare) = WSSR/ndf   : 260.426

Final set of parameters            Asymptotic Standard Error
=======================            ==========================
a               = 2.78893e-06      +/- 1.623e-08    (0.5819%)
b               = -0.00936209      +/- 0.001092     (11.67%)
c               = 26.1102          +/- 10.22        (39.15%)

correlation matrix of the fit parameters:
                a      b      c      
a               1.000 
b              -0.966  1.000 
c               0.620 -0.730  1.000 


*******************************************************************************
Tue Feb 11 16:24:04 2025


FIT:    data read from "bubbleSort.CPUtimes" using 1:2
        format = x:z
        #datapoints = 7
        residuals are weighted equally (unit weight)

function used for fitting: y(x)
	y(x)=a*x*x + b*x + c
fitted parameters initialized with current variable values

iter      chisq       delta/lim  lambda   a             b             c            
   0 1.9677066297e+19   0.00e+00  9.68e+08    1.000000e+00   1.000000e+00   1.000000e+00
  12 1.0417041399e+03  -1.50e-01  9.68e-04    2.788931e-06  -9.362095e-03   2.611023e+01

After 12 iterations the fit converged.
final sum of squares of residuals : 1041.7
rel. change during last iteration : -1.49812e-06

degrees of freedom    (FIT_NDF)                        : 4
rms of residuals      (FIT_STDFIT) = sqrt(WSSR/ndf)    : 16.1377
variance of residuals (reduced chisquare) = WSSR/ndf   : 260.426

Final set of parameters            Asymptotic Standard Error
=======================            ==========================
a               = 2.78893e-06      +/- 1.623e-08    (0.5819%)
b               = -0.00936209      +/- 0.001092     (11.67%)
c               = 26.1102          +/- 10.22        (39.15%)

correlation matrix of the fit parameters:
                a      b      c      
a               1.000 
b              -0.966  1.000 
c               0.620 -0.730  1.000 


*******************************************************************************
Tue Feb 11 16:24:17 2025


FIT:    data read from "bubbleSort.CPUtimes" using 1:2
        format = x:z
        #datapoints = 7
        residuals are weighted equally (unit weight)

function used for fitting: y(x)
	y(x)=a*x*x + b*x + c
fitted parameters initialized with current variable values

iter      chisq       delta/lim  lambda   a             b             c            
   0 1.9677066297e+19   0.00e+00  9.68e+08    1.000000e+00   1.000000e+00   1.000000e+00
  12 1.0417041399e+03  -1.50e-01  9.68e-04    2.788931e-06  -9.362095e-03   2.611023e+01

After 12 iterations the fit converged.
final sum of squares of residuals : 1041.7
rel. change during last iteration : -1.49812e-06

degrees of freedom    (FIT_NDF)                        : 4
rms of residuals      (FIT_STDFIT) = sqrt(WSSR/ndf)    : 16.1377
variance of residuals (reduced chisquare) = WSSR/ndf   : 260.426

Final set of parameters            Asymptotic Standard Error
=======================            ==========================
a               = 2.78893e-06      +/- 1.623e-08    (0.5819%)
b               = -0.00936209      +/- 0.001092     (11.67%)
c               = 26.1102          +/- 10.22        (39.15%)

correlation matrix of the fit parameters:
                a      b      c      
a               1.000 
b              -0.966  1.000 
c               0.620 -0.730  1.000 
